# JRE version: Java(TM) SE Runtime Environment (8.0_161-b12) (build 1.8.0_161-b12)
# Java VM: Java HotSpot(TM) Client VM (25.161-b12 mixed mode, sharing windows-x86 )
Heap:
 def new generation   total 4992K, used 4992K [0x03c00000, 0x04160000, 0x09150000)
  eden space 4480K, 100% used [0x03c00000, 0x04060000, 0x04060000)
  from space 512K, 100% used [0x040e0000, 0x04160000, 0x04160000)
  to   space 512K,  31% used [0x04060000, 0x04087eb0, 0x040e0000)
 tenured generation   total 10944K, used 7420K [0x09150000, 0x09c00000, 0x13c00000)
   the space 10944K,  67% used [0x09150000, 0x0988f308, 0x0988f400, 0x09c00000)
 Metaspace       used 4902K, capacity 11486K, committed 11520K, reserved 11648K
GC Heap History (10 events):
Event: 28.079 GC heap after
Heap after GC invocations=121 (full 20):
 def new generation   total 4992K, used 0K [0x03c00000, 0x04160000, 0x09150000)
  eden space 4480K,   0% used [0x03c00000, 0x03c00000, 0x04060000)
  from space 512K,   0% used [0x040e0000, 0x040e0000, 0x04160000)
  to   space 512K,   0% used [0x04060000, 0x04060000, 0x040e0000)
 tenured generation   total 10944K, used 2214K [0x09150000, 0x09c00000, 0x13c00000)
   the space 10944K,  20% used [0x09150000, 0x093799f0, 0x09379a00, 0x09c00000)
 Metaspace       used 1154K, capacity 2600K, committed 5120K, reserved 5504K
}
Event: 28.273 GC heap before
{Heap before GC invocations=121 (full 20):
 def new generation   total 4992K, used 4480K [0x03c00000, 0x04160000, 0x09150000)
  eden space 4480K, 100% used [0x03c00000, 0x04060000, 0x04060000)
  from space 512K,   0% used [0x040e0000, 0x040e0000, 0x04160000)
  to   space 512K,   0% used [0x04060000, 0x04060000, 0x040e0000)
 tenured generation   total 10944K, used 2214K [0x09150000, 0x09c00000, 0x13c00000)
   the space 10944K,  20% used [0x09150000, 0x093799f0, 0x09379a00, 0x09c00000)
 Metaspace       used 1904K, capacity 4378K, committed 5120K, reserved 5504K
Event: 28.278 GC heap after
Heap after GC invocations=122 (full 20):
 def new generation   total 4992K, used 512K [0x03c00000, 0x04160000, 0x09150000)
  eden space 4480K,   0% used [0x03c00000, 0x03c00000, 0x04060000)
  from space 512K, 100% used [0x04060000, 0x040e0000, 0x040e0000)
  to   space 512K,   0% used [0x040e0000, 0x040e0000, 0x04160000)
 tenured generation   total 10944K, used 3111K [0x09150000, 0x09c00000, 0x13c00000)
   the space 10944K,  28% used [0x09150000, 0x09459fa0, 0x0945a000, 0x09c00000)
 Metaspace       used 1904K, capacity 4378K, committed 5120K, reserved 5504K
}
Event: 28.471 GC heap before
{Heap before GC invocations=122 (full 20):
 def new generation   total 4992K, used 4992K [0x03c00000, 0x04160000, 0x09150000)
  eden space 4480K, 100% used [0x03c00000, 0x04060000, 0x04060000)
  from space 512K, 100% used [0x04060000, 0x040e0000, 0x040e0000)
  to   space 512K,   0% used [0x040e0000, 0x040e0000, 0x04160000)
 tenured generation   total 10944K, used 3111K [0x09150000, 0x09c00000, 0x13c00000)
   the space 10944K,  28% used [0x09150000, 0x09459fa0, 0x0945a000, 0x09c00000)
 Metaspace       used 2653K, capacity 6154K, committed 6272K, reserved 6528K
Event: 28.478 GC heap after
Heap after GC invocations=123 (full 20):
 def new generation   total 4992K, used 512K [0x03c00000, 0x04160000, 0x09150000)
  eden space 4480K,   0% used [0x03c00000, 0x03c00000, 0x04060000)
  from space 512K, 100% used [0x040e0000, 0x04160000, 0x04160000)
  to   space 512K,   0% used [0x04060000, 0x04060000, 0x040e0000)
 tenured generation   total 10944K, used 4520K [0x09150000, 0x09c00000, 0x13c00000)
   the space 10944K,  41% used [0x09150000, 0x095ba1d8, 0x095ba200, 0x09c00000)
 Metaspace       used 2653K, capacity 6154K, committed 6272K, reserved 6528K
}
Event: 28.676 GC heap before
{Heap before GC invocations=123 (full 20):
 def new generation   total 4992K, used 4992K [0x03c00000, 0x04160000, 0x09150000)
  eden space 4480K, 100% used [0x03c00000, 0x04060000, 0x04060000)
  from space 512K, 100% used [0x040e0000, 0x04160000, 0x04160000)
  to   space 512K,   0% used [0x04060000, 0x04060000, 0x040e0000)
 tenured generation   total 10944K, used 4520K [0x09150000, 0x09c00000, 0x13c00000)
   the space 10944K,  41% used [0x09150000, 0x095ba1d8, 0x095ba200, 0x09c00000)
 Metaspace       used 3403K, capacity 7932K, committed 7936K, reserved 8576K
Event: 28.682 GC heap after
Heap after GC invocations=124 (full 20):
 def new generation   total 4992K, used 512K [0x03c00000, 0x04160000, 0x09150000)
  eden space 4480K,   0% used [0x03c00000, 0x03c00000, 0x04060000)
  from space 512K, 100% used [0x04060000, 0x040e0000, 0x040e0000)
  to   space 512K,   0% used [0x040e0000, 0x040e0000, 0x04160000)
 tenured generation   total 10944K, used 5929K [0x09150000, 0x09c00000, 0x13c00000)
   the space 10944K,  54% used [0x09150000, 0x0971a6b0, 0x0971a800, 0x09c00000)
 Metaspace       used 3403K, capacity 7932K, committed 7936K, reserved 8576K
}
Event: 28.884 GC heap before
{Heap before GC invocations=124 (full 20):
 def new generation   total 4992K, used 4992K [0x03c00000, 0x04160000, 0x09150000)
  eden space 4480K, 100% used [0x03c00000, 0x04060000, 0x04060000)
  from space 512K, 100% used [0x04060000, 0x040e0000, 0x040e0000)
  to   space 512K,   0% used [0x040e0000, 0x040e0000, 0x04160000)
 tenured generation   total 10944K, used 5929K [0x09150000, 0x09c00000, 0x13c00000)
   the space 10944K,  54% used [0x09150000, 0x0971a6b0, 0x0971a800, 0x09c00000)
 Metaspace       used 4152K, capacity 9708K, committed 9728K, reserved 10624K
Event: 28.890 GC heap after
Heap after GC invocations=125 (full 20):
 def new generation   total 4992K, used 512K [0x03c00000, 0x04160000, 0x09150000)
  eden space 4480K,   0% used [0x03c00000, 0x03c00000, 0x04060000)
  from space 512K, 100% used [0x040e0000, 0x04160000, 0x04160000)
  to   space 512K,   0% used [0x04060000, 0x04060000, 0x040e0000)
 tenured generation   total 10944K, used 7338K [0x09150000, 0x09c00000, 0x13c00000)
   the space 10944K,  67% used [0x09150000, 0x0987a9e8, 0x0987aa00, 0x09c00000)
 Metaspace       used 4152K, capacity 9708K, committed 9728K, reserved 10624K
}
Event: 29.092 GC heap before
{Heap before GC invocations=125 (full 20):
 def new generation   total 4992K, used 4992K [0x03c00000, 0x04160000, 0x09150000)
  eden space 4480K, 100% used [0x03c00000, 0x04060000, 0x04060000)
  from space 512K, 100% used [0x040e0000, 0x04160000, 0x04160000)
  to   space 512K,   0% used [0x04060000, 0x04060000, 0x040e0000)
 tenured generation   total 10944K, used 7338K [0x09150000, 0x09c00000, 0x13c00000)
   the space 10944K,  67% used [0x09150000, 0x0987a9e8, 0x0987aa00, 0x09c00000)
 Metaspace       used 4902K, capacity 11486K, committed 11520K, reserved 11648K

