# JRE version: Java(TM) SE Runtime Environment (8.0_161-b12) (build 1.8.0_161-b12)
# Java VM: Java HotSpot(TM) Client VM (25.161-b12 mixed mode, sharing windows-x86 )
Heap:
 def new generation   total 10048K, used 7306K [0x03c00000, 0x046e0000, 0x09150000)
  eden space 8960K,  72% used [0x03c00000, 0x04260820, 0x044c0000)
  from space 1088K,  71% used [0x044c0000, 0x04582130, 0x045d0000)
  to   space 1088K,   0% used [0x045d0000, 0x045d0000, 0x046e0000)
 tenured generation   total 22144K, used 18369K [0x09150000, 0x0a6f0000, 0x13c00000)
   the space 22144K,  82% used [0x09150000, 0x0a3405a0, 0x0a340600, 0x0a6f0000)
 Metaspace       used 10138K, capacity 11762K, committed 11904K, reserved 12672K
GC Heap History (10 events):
Event: 6.143 GC heap before
{Heap before GC invocations=36 (full 1):
 def new generation   total 6080K, used 5606K [0x03c00000, 0x04290000, 0x09150000)
  eden space 5440K,  91% used [0x03c00000, 0x040d9a28, 0x04150000)
  from space 640K, 100% used [0x041f0000, 0x04290000, 0x04290000)
  to   space 640K,   0% used [0x04150000, 0x04150000, 0x041f0000)
 tenured generation   total 13388K, used 11723K [0x09150000, 0x09e63000, 0x13c00000)
   the space 13388K,  87% used [0x09150000, 0x09cc2c20, 0x09cc2e00, 0x09e63000)
 Metaspace       used 9457K, capacity 11088K, committed 11136K, reserved 11648K
Event: 6.275 GC heap after
Heap after GC invocations=37 (full 2):
 def new generation   total 10048K, used 0K [0x03c00000, 0x046e0000, 0x09150000)
  eden space 8960K,   0% used [0x03c00000, 0x03c00000, 0x044c0000)
  from space 1088K,   0% used [0x044c0000, 0x044c0000, 0x045d0000)
  to   space 1088K,   0% used [0x045d0000, 0x045d0000, 0x046e0000)
 tenured generation   total 22144K, used 13285K [0x09150000, 0x0a6f0000, 0x13c00000)
   the space 22144K,  59% used [0x09150000, 0x09e49780, 0x09e49800, 0x0a6f0000)
 Metaspace       used 9457K, capacity 11088K, committed 11136K, reserved 11648K
}
Event: 6.581 GC heap before
{Heap before GC invocations=37 (full 2):
 def new generation   total 10048K, used 8960K [0x03c00000, 0x046e0000, 0x09150000)
  eden space 8960K, 100% used [0x03c00000, 0x044c0000, 0x044c0000)
  from space 1088K,   0% used [0x044c0000, 0x044c0000, 0x045d0000)
  to   space 1088K,   0% used [0x045d0000, 0x045d0000, 0x046e0000)
 tenured generation   total 22144K, used 13285K [0x09150000, 0x0a6f0000, 0x13c00000)
   the space 22144K,  59% used [0x09150000, 0x09e49780, 0x09e49800, 0x0a6f0000)
 Metaspace       used 9541K, capacity 11184K, committed 11264K, reserved 11648K
Event: 6.600 GC heap after
Heap after GC invocations=38 (full 2):
 def new generation   total 10048K, used 1088K [0x03c00000, 0x046e0000, 0x09150000)
  eden space 8960K,   0% used [0x03c00000, 0x03c00000, 0x044c0000)
  from space 1088K, 100% used [0x045d0000, 0x046e0000, 0x046e0000)
  to   space 1088K,   0% used [0x044c0000, 0x044c0000, 0x045d0000)
 tenured generation   total 22144K, used 15227K [0x09150000, 0x0a6f0000, 0x13c00000)
   the space 22144K,  68% used [0x09150000, 0x0a02ec80, 0x0a02ee00, 0x0a6f0000)
 Metaspace       used 9541K, capacity 11184K, committed 11264K, reserved 11648K
}
Event: 7.092 GC heap before
{Heap before GC invocations=38 (full 2):
 def new generation   total 10048K, used 10048K [0x03c00000, 0x046e0000, 0x09150000)
  eden space 8960K, 100% used [0x03c00000, 0x044c0000, 0x044c0000)
  from space 1088K, 100% used [0x045d0000, 0x046e0000, 0x046e0000)
  to   space 1088K,   0% used [0x044c0000, 0x044c0000, 0x045d0000)
 tenured generation   total 22144K, used 15227K [0x09150000, 0x0a6f0000, 0x13c00000)
   the space 22144K,  68% used [0x09150000, 0x0a02ec80, 0x0a02ee00, 0x0a6f0000)
 Metaspace       used 10000K, capacity 11632K, committed 11648K, reserved 11648K
Event: 7.117 GC heap after
Heap after GC invocations=39 (full 2):
 def new generation   total 10048K, used 1088K [0x03c00000, 0x046e0000, 0x09150000)
  eden space 8960K,   0% used [0x03c00000, 0x03c00000, 0x044c0000)
  from space 1088K, 100% used [0x044c0000, 0x045d0000, 0x045d0000)
  to   space 1088K,   0% used [0x045d0000, 0x045d0000, 0x046e0000)
 tenured generation   total 22144K, used 17290K [0x09150000, 0x0a6f0000, 0x13c00000)
   the space 22144K,  78% used [0x09150000, 0x0a232ab0, 0x0a232c00, 0x0a6f0000)
 Metaspace       used 10000K, capacity 11632K, committed 11648K, reserved 11648K
}
Event: 7.788 GC heap before
{Heap before GC invocations=39 (full 2):
 def new generation   total 10048K, used 10048K [0x03c00000, 0x046e0000, 0x09150000)
  eden space 8960K, 100% used [0x03c00000, 0x044c0000, 0x044c0000)
  from space 1088K, 100% used [0x044c0000, 0x045d0000, 0x045d0000)
  to   space 1088K,   0% used [0x045d0000, 0x045d0000, 0x046e0000)
 tenured generation   total 22144K, used 17290K [0x09150000, 0x0a6f0000, 0x13c00000)
   the space 22144K,  78% used [0x09150000, 0x0a232ab0, 0x0a232c00, 0x0a6f0000)
 Metaspace       used 10089K, capacity 11696K, committed 11776K, reserved 12672K
Event: 7.802 GC heap after
Heap after GC invocations=40 (full 2):
 def new generation   total 10048K, used 338K [0x03c00000, 0x046e0000, 0x09150000)
  eden space 8960K,   0% used [0x03c00000, 0x03c00000, 0x044c0000)
  from space 1088K,  31% used [0x045d0000, 0x046249a8, 0x046e0000)
  to   space 1088K,   0% used [0x044c0000, 0x044c0000, 0x045d0000)
 tenured generation   total 22144K, used 18369K [0x09150000, 0x0a6f0000, 0x13c00000)
   the space 22144K,  82% used [0x09150000, 0x0a3405a0, 0x0a340600, 0x0a6f0000)
 Metaspace       used 10089K, capacity 11696K, committed 11776K, reserved 12672K
}
Event: 8.347 GC heap before
{Heap before GC invocations=40 (full 2):
 def new generation   total 10048K, used 9298K [0x03c00000, 0x046e0000, 0x09150000)
  eden space 8960K, 100% used [0x03c00000, 0x044c0000, 0x044c0000)
  from space 1088K,  31% used [0x045d0000, 0x046249a8, 0x046e0000)
  to   space 1088K,   0% used [0x044c0000, 0x044c0000, 0x045d0000)
 tenured generation   total 22144K, used 18369K [0x09150000, 0x0a6f0000, 0x13c00000)
   the space 22144K,  82% used [0x09150000, 0x0a3405a0, 0x0a340600, 0x0a6f0000)
 Metaspace       used 10092K, capacity 11728K, committed 11776K, reserved 12672K
Event: 8.358 GC heap after
Heap after GC invocations=41 (full 2):
 def new generation   total 10048K, used 776K [0x03c00000, 0x046e0000, 0x09150000)
  eden space 8960K,   0% used [0x03c00000, 0x03c00000, 0x044c0000)
  from space 1088K,  71% used [0x044c0000, 0x04582130, 0x045d0000)
  to   space 1088K,   0% used [0x045d0000, 0x045d0000, 0x046e0000)
 tenured generation   total 22144K, used 18369K [0x09150000, 0x0a6f0000, 0x13c00000)
   the space 22144K,  82% used [0x09150000, 0x0a3405a0, 0x0a340600, 0x0a6f0000)
 Metaspace       used 10092K, capacity 11728K, committed 11776K, reserved 12672K
}

